# JRE version: OpenJDK Runtime Environment (8.0_242-b01) (build 1.8.0_242-release-1644-b01)
# Java VM: OpenJDK 64-Bit Server VM (25.242-b01 mixed mode windows-amd64 compressed oops)
Heap:
 PSYoungGen      total 419328K, used 233857K [0x00000000e0000000, 0x00000000ff600000, 0x0000000100000000)
  eden space 337920K, 66% used [0x00000000e0000000,0x00000000eda07818,0x00000000f4a00000)
  from space 81408K, 13% used [0x00000000fa680000,0x00000000fb10c040,0x00000000ff600000)
  to   space 88064K, 0% used [0x00000000f4a00000,0x00000000f4a00000,0x00000000fa000000)
 ParOldGen       total 259072K, used 183256K [0x00000000a0000000, 0x00000000afd00000, 0x00000000e0000000)
  object space 259072K, 70% used [0x00000000a0000000,0x00000000ab2f6268,0x00000000afd00000)
 Metaspace       used 120429K, capacity 128304K, committed 128384K, reserved 1161216K
  class space    used 15064K, capacity 16432K, committed 16512K, reserved 1048576K
GC Heap History (10 events):
Event: 3369.422 GC heap before
{Heap before GC invocations=57 (full 5):
 PSYoungGen      total 448000K, used 377239K [0x00000000e0000000, 0x00000000fff80000, 0x0000000100000000)
  eden space 375808K, 99% used [0x00000000e0000000,0x00000000f6ee5ef8,0x00000000f6f00000)
  from space 72192K, 2% used [0x00000000f6f00000,0x00000000f7080000,0x00000000fb580000)
  to   space 71168K, 0% used [0x00000000fba00000,0x00000000fba00000,0x00000000fff80000)
 ParOldGen       total 259072K, used 152486K [0x00000000a0000000, 0x00000000afd00000, 0x00000000e0000000)
  object space 259072K, 58% used [0x00000000a0000000,0x00000000a94e9a30,0x00000000afd00000)
 Metaspace       used 119799K, capacity 127192K, committed 127488K, reserved 1161216K
  class space    used 14992K, capacity 16302K, committed 16384K, reserved 1048576K
Event: 3369.554 GC heap after
Heap after GC invocations=57 (full 5):
 PSYoungGen      total 424448K, used 71147K [0x00000000e0000000, 0x0000000100000000, 0x0000000100000000)
  eden space 353280K, 0% used [0x00000000e0000000,0x00000000e0000000,0x00000000f5900000)
  from space 71168K, 99% used [0x00000000fba00000,0x00000000fff7aff0,0x00000000fff80000)
  to   space 85504K, 0% used [0x00000000f5900000,0x00000000f5900000,0x00000000fac80000)
 ParOldGen       total 259072K, used 154470K [0x00000000a0000000, 0x00000000afd00000, 0x00000000e0000000)
  object space 259072K, 59% used [0x00000000a0000000,0x00000000a96d9a30,0x00000000afd00000)
 Metaspace       used 119799K, capacity 127192K, committed 127488K, reserved 1161216K
  class space    used 14992K, capacity 16302K, committed 16384K, reserved 1048576K
}
Event: 3424.875 GC heap before
{Heap before GC invocations=58 (full 5):
 PSYoungGen      total 424448K, used 424427K [0x00000000e0000000, 0x0000000100000000, 0x0000000100000000)
  eden space 353280K, 100% used [0x00000000e0000000,0x00000000f5900000,0x00000000f5900000)
  from space 71168K, 99% used [0x00000000fba00000,0x00000000fff7aff0,0x00000000fff80000)
  to   space 85504K, 0% used [0x00000000f5900000,0x00000000f5900000,0x00000000fac80000)
 ParOldGen       total 259072K, used 154470K [0x00000000a0000000, 0x00000000afd00000, 0x00000000e0000000)
  object space 259072K, 59% used [0x00000000a0000000,0x00000000a96d9a30,0x00000000afd00000)
 Metaspace       used 119857K, capacity 127192K, committed 127488K, reserved 1161216K
  class space    used 14993K, capacity 16302K, committed 16384K, reserved 1048576K
Event: 3424.966 GC heap after
Heap after GC invocations=58 (full 5):
 PSYoungGen      total 438784K, used 9792K [0x00000000e0000000, 0x0000000100000000, 0x0000000100000000)
  eden space 353280K, 0% used [0x00000000e0000000,0x00000000e0000000,0x00000000f5900000)
  from space 85504K, 11% used [0x00000000f5900000,0x00000000f6290050,0x00000000fac80000)
  to   space 82432K, 0% used [0x00000000faf80000,0x00000000faf80000,0x0000000100000000)
 ParOldGen       total 259072K, used 183232K [0x00000000a0000000, 0x00000000afd00000, 0x00000000e0000000)
  object space 259072K, 70% used [0x00000000a0000000,0x00000000ab2f0268,0x00000000afd00000)
 Metaspace       used 119857K, capacity 127192K, committed 127488K, reserved 1161216K
  class space    used 14993K, capacity 16302K, committed 16384K, reserved 1048576K
}
Event: 3439.444 GC heap before
{Heap before GC invocations=59 (full 5):
 PSYoungGen      total 438784K, used 363072K [0x00000000e0000000, 0x0000000100000000, 0x0000000100000000)
  eden space 353280K, 100% used [0x00000000e0000000,0x00000000f5900000,0x00000000f5900000)
  from space 85504K, 11% used [0x00000000f5900000,0x00000000f6290050,0x00000000fac80000)
  to   space 82432K, 0% used [0x00000000faf80000,0x00000000faf80000,0x0000000100000000)
 ParOldGen       total 259072K, used 183232K [0x00000000a0000000, 0x00000000afd00000, 0x00000000e0000000)
  object space 259072K, 70% used [0x00000000a0000000,0x00000000ab2f0268,0x00000000afd00000)
 Metaspace       used 119895K, capacity 127260K, committed 127488K, reserved 1161216K
  class space    used 14993K, capacity 16302K, committed 16384K, reserved 1048576K
Event: 3439.571 GC heap after
Heap after GC invocations=59 (full 5):
 PSYoungGen      total 417280K, used 73612K [0x00000000e0000000, 0x0000000100000000, 0x0000000100000000)
  eden space 334848K, 0% used [0x00000000e0000000,0x00000000e0000000,0x00000000f4700000)
  from space 82432K, 89% used [0x00000000faf80000,0x00000000ff763318,0x0000000100000000)
  to   space 94720K, 0% used [0x00000000f4700000,0x00000000f4700000,0x00000000fa380000)
 ParOldGen       total 259072K, used 183240K [0x00000000a0000000, 0x00000000afd00000, 0x00000000e0000000)
  object space 259072K, 70% used [0x00000000a0000000,0x00000000ab2f2268,0x00000000afd00000)
 Metaspace       used 119895K, capacity 127260K, committed 127488K, reserved 1161216K
  class space    used 14993K, capacity 16302K, committed 16384K, reserved 1048576K
}
Event: 3605.463 GC heap before
{Heap before GC invocations=60 (full 5):
 PSYoungGen      total 417280K, used 408460K [0x00000000e0000000, 0x0000000100000000, 0x0000000100000000)
  eden space 334848K, 100% used [0x00000000e0000000,0x00000000f4700000,0x00000000f4700000)
  from space 82432K, 89% used [0x00000000faf80000,0x00000000ff763318,0x0000000100000000)
  to   space 94720K, 0% used [0x00000000f4700000,0x00000000f4700000,0x00000000fa380000)
 ParOldGen       total 259072K, used 183240K [0x00000000a0000000, 0x00000000afd00000, 0x00000000e0000000)
  object space 259072K, 70% used [0x00000000a0000000,0x00000000ab2f2268,0x00000000afd00000)
 Metaspace       used 120065K, capacity 127574K, committed 127744K, reserved 1161216K
  class space    used 15009K, capacity 16333K, committed 16384K, reserved 1048576K
Event: 3605.488 GC heap after
Heap after GC invocations=60 (full 5):
 PSYoungGen      total 429568K, used 10128K [0x00000000e0000000, 0x0000000100000000, 0x0000000100000000)
  eden space 334848K, 0% used [0x00000000e0000000,0x00000000e0000000,0x00000000f4700000)
  from space 94720K, 10% used [0x00000000f4700000,0x00000000f50e4040,0x00000000fa380000)
  to   space 91648K, 0% used [0x00000000fa680000,0x00000000fa680000,0x0000000100000000)
 ParOldGen       total 259072K, used 183248K [0x00000000a0000000, 0x00000000afd00000, 0x00000000e0000000)
  object space 259072K, 70% used [0x00000000a0000000,0x00000000ab2f4268,0x00000000afd00000)
 Metaspace       used 120065K, capacity 127574K, committed 127744K, reserved 1161216K
  class space    used 15009K, capacity 16333K, committed 16384K, reserved 1048576K
}
Event: 3863.096 GC heap before
{Heap before GC invocations=61 (full 5):
 PSYoungGen      total 429568K, used 344976K [0x00000000e0000000, 0x0000000100000000, 0x0000000100000000)
  eden space 334848K, 100% used [0x00000000e0000000,0x00000000f4700000,0x00000000f4700000)
  from space 94720K, 10% used [0x00000000f4700000,0x00000000f50e4040,0x00000000fa380000)
  to   space 91648K, 0% used [0x00000000fa680000,0x00000000fa680000,0x0000000100000000)
 ParOldGen       total 259072K, used 183248K [0x00000000a0000000, 0x00000000afd00000, 0x00000000e0000000)
  object space 259072K, 70% used [0x00000000a0000000,0x00000000ab2f4268,0x00000000afd00000)
 Metaspace       used 120345K, capacity 128252K, committed 128384K, reserved 1161216K
  class space    used 15059K, capacity 16424K, committed 16512K, reserved 1048576K
Event: 3863.130 GC heap after
Heap after GC invocations=61 (full 5):
 PSYoungGen      total 419328K, used 10800K [0x00000000e0000000, 0x00000000ff600000, 0x0000000100000000)
  eden space 337920K, 0% used [0x00000000e0000000,0x00000000e0000000,0x00000000f4a00000)
  from space 81408K, 13% used [0x00000000fa680000,0x00000000fb10c040,0x00000000ff600000)
  to   space 88064K, 0% used [0x00000000f4a00000,0x00000000f4a00000,0x00000000fa000000)
 ParOldGen       total 259072K, used 183256K [0x00000000a0000000, 0x00000000afd00000, 0x00000000e0000000)
  object space 259072K, 70% used [0x00000000a0000000,0x00000000ab2f6268,0x00000000afd00000)
 Metaspace       used 120345K, capacity 128252K, committed 128384K, reserved 1161216K
  class space    used 15059K, capacity 16424K, committed 16512K, reserved 1048576K
}

